2023-05-01 12:45:59.255  WARN 27804 --- [HikariPool-3 housekeeper] com.zaxxer.hikari.pool.HikariPool        : HikariPool-3 - Thread starvation or clock leap detected (housekeeper delta=22h58m7s690ms520µs400ns).
2023-05-01 12:56:14.184  INFO 27804 --- [RMI TCP Connection(291)-127.0.0.1] inMXBeanRegistrar$SpringApplicationAdmin : Application shutdown requested.
2023-05-01 12:56:14.353  INFO 27804 --- [RMI TCP Connection(291)-127.0.0.1] o.s.s.concurrent.ThreadPoolTaskExecutor  : Shutting down ExecutorService 'applicationTaskExecutor'
2023-05-01 12:56:14.358  INFO 27804 --- [RMI TCP Connection(291)-127.0.0.1] j.LocalContainerEntityManagerFactoryBean : Closing JPA EntityManagerFactory for persistence unit 'default'
2023-05-01 12:56:14.374  INFO 27804 --- [RMI TCP Connection(291)-127.0.0.1] com.zaxxer.hikari.HikariDataSource       : HikariPool-3 - Shutdown initiated...
2023-05-01 12:56:14.391  INFO 27804 --- [RMI TCP Connection(291)-127.0.0.1] com.zaxxer.hikari.HikariDataSource       : HikariPool-3 - Shutdown completed.
2023-05-01 14:35:28.516  INFO 4264 --- [restartedMain] c.shopme.admin.ShopmeBackEndApplication  : Starting ShopmeBackEndApplication using Java 17.0.5 on DESKTOP-JRSDL0G with PID 4264 (C:\Users\shaha\OneDrive\Documents\shopme-miniproject\ShopmeWebParent\ShopmeBackEnd\target\classes started by shaha in C:\Users\shaha\OneDrive\Documents\shopme-miniproject\ShopmeWebParent\ShopmeBackEnd)
2023-05-01 14:35:28.533  INFO 4264 --- [restartedMain] c.shopme.admin.ShopmeBackEndApplication  : No active profile set, falling back to default profiles: default
2023-05-01 14:35:28.809  INFO 4264 --- [restartedMain] .e.DevToolsPropertyDefaultsPostProcessor : Devtools property defaults active! Set 'spring.devtools.add-properties' to 'false' to disable
2023-05-01 14:35:28.809  INFO 4264 --- [restartedMain] .e.DevToolsPropertyDefaultsPostProcessor : For additional web related logging consider setting the 'logging.level.web' property to 'DEBUG'
2023-05-01 14:35:33.984  INFO 4264 --- [restartedMain] .s.d.r.c.RepositoryConfigurationDelegate : Bootstrapping Spring Data JPA repositories in DEFAULT mode.
2023-05-01 14:35:34.346  INFO 4264 --- [restartedMain] .s.d.r.c.RepositoryConfigurationDelegate : Finished Spring Data repository scanning in 331 ms. Found 15 JPA repository interfaces.
2023-05-01 14:35:36.262  INFO 4264 --- [restartedMain] o.s.b.w.embedded.tomcat.TomcatWebServer  : Tomcat initialized with port(s): 8080 (http)
2023-05-01 14:35:36.301  INFO 4264 --- [restartedMain] o.apache.catalina.core.StandardService   : Starting service [Tomcat]
2023-05-01 14:35:36.301  INFO 4264 --- [restartedMain] org.apache.catalina.core.StandardEngine  : Starting Servlet engine: [Apache Tomcat/9.0.41]
2023-05-01 14:35:36.567  INFO 4264 --- [restartedMain] o.a.c.c.C.[.[localhost].[/shopmeAdmin]   : Initializing Spring embedded WebApplicationContext
2023-05-01 14:35:36.571  INFO 4264 --- [restartedMain] w.s.c.ServletWebServerApplicationContext : Root WebApplicationContext: initialization completed in 7762 ms
2023-05-01 14:35:36.888  WARN 4264 --- [restartedMain] o.a.c.c.C.[.[localhost].[/shopmeAdmin]   : Cannot deserialize session attribute [SPRING_SECURITY_CONTEXT] for session [4B8652A1F7836CFB2EE6CA1CD57ECFB4]
2023-05-01 14:35:37.529  INFO 4264 --- [restartedMain] o.hibernate.jpa.internal.util.LogHelper  : HHH000204: Processing PersistenceUnitInfo [name: default]
2023-05-01 14:35:37.754  INFO 4264 --- [restartedMain] org.hibernate.Version                    : HHH000412: Hibernate ORM core version 5.4.25.Final
2023-05-01 14:35:38.380  INFO 4264 --- [restartedMain] o.hibernate.annotations.common.Version   : HCANN000001: Hibernate Commons Annotations {5.1.2.Final}
2023-05-01 14:35:38.918  INFO 4264 --- [restartedMain] com.zaxxer.hikari.HikariDataSource       : HikariPool-1 - Starting...
2023-05-01 14:35:40.303  INFO 4264 --- [restartedMain] com.zaxxer.hikari.HikariDataSource       : HikariPool-1 - Start completed.
2023-05-01 14:35:40.374  INFO 4264 --- [restartedMain] org.hibernate.dialect.Dialect            : HHH000400: Using dialect: org.hibernate.dialect.MySQL8Dialect
2023-05-01 14:35:45.611  INFO 4264 --- [restartedMain] o.h.e.t.j.p.i.JtaPlatformInitiator       : HHH000490: Using JtaPlatform implementation: [org.hibernate.engine.transaction.jta.platform.internal.NoJtaPlatform]
2023-05-01 14:35:45.636  INFO 4264 --- [restartedMain] j.LocalContainerEntityManagerFactoryBean : Initialized JPA EntityManagerFactory for persistence unit 'default'
2023-05-01 14:35:45.747  INFO 4264 --- [restartedMain] o.s.b.d.a.OptionalLiveReloadServer       : LiveReload server is running on port 35729
2023-05-01 14:35:47.839  WARN 4264 --- [restartedMain] JpaBaseConfiguration$JpaWebConfiguration : spring.jpa.open-in-view is enabled by default. Therefore, database queries may be performed during view rendering. Explicitly configure spring.jpa.open-in-view to disable this warning
2023-05-01 14:35:49.186  INFO 4264 --- [restartedMain] o.s.s.web.DefaultSecurityFilterChain     : Will secure Ant [pattern='/images/**'] with []
2023-05-01 14:35:49.186  INFO 4264 --- [restartedMain] o.s.s.web.DefaultSecurityFilterChain     : Will secure Ant [pattern='/js/**'] with []
2023-05-01 14:35:49.186  INFO 4264 --- [restartedMain] o.s.s.web.DefaultSecurityFilterChain     : Will secure Ant [pattern='/webjars/**'] with []
2023-05-01 14:35:49.186  INFO 4264 --- [restartedMain] o.s.s.web.DefaultSecurityFilterChain     : Will secure Ant [pattern='/assets/**'] with []
2023-05-01 14:35:49.311  INFO 4264 --- [restartedMain] o.s.s.web.DefaultSecurityFilterChain     : Will secure any request with [org.springframework.security.web.context.request.async.WebAsyncManagerIntegrationFilter@28508b37, org.springframework.security.web.context.SecurityContextPersistenceFilter@706219fb, org.springframework.security.web.header.HeaderWriterFilter@14b94714, org.springframework.security.web.csrf.CsrfFilter@7cd0ef51, org.springframework.security.web.authentication.logout.LogoutFilter@53700287, org.springframework.security.web.authentication.UsernamePasswordAuthenticationFilter@55126fbe, org.springframework.security.web.savedrequest.RequestCacheAwareFilter@6364864a, org.springframework.security.web.servletapi.SecurityContextHolderAwareRequestFilter@53ebb7d5, org.springframework.security.web.authentication.rememberme.RememberMeAuthenticationFilter@9096299, org.springframework.security.web.authentication.AnonymousAuthenticationFilter@6e797e1c, org.springframework.security.web.session.SessionManagementFilter@5d53fc76, org.springframework.security.web.access.ExceptionTranslationFilter@18048da2, org.springframework.security.web.access.intercept.FilterSecurityInterceptor@5fddd190]
2023-05-01 14:35:49.579  INFO 4264 --- [restartedMain] o.s.s.concurrent.ThreadPoolTaskExecutor  : Initializing ExecutorService 'applicationTaskExecutor'
2023-05-01 14:35:49.815  INFO 4264 --- [restartedMain] o.s.b.a.w.s.WelcomePageHandlerMapping    : Adding welcome page template: index
2023-05-01 14:35:51.533  INFO 4264 --- [restartedMain] o.s.b.w.embedded.tomcat.TomcatWebServer  : Tomcat started on port(s): 8080 (http) with context path '/shopmeAdmin'
2023-05-01 14:35:51.581  INFO 4264 --- [restartedMain] c.shopme.admin.ShopmeBackEndApplication  : Started ShopmeBackEndApplication in 24.145 seconds (JVM running for 26.951)
2023-05-01 14:38:20.445  INFO 4264 --- [http-nio-8080-exec-3] o.a.c.c.C.[.[localhost].[/shopmeAdmin]   : Initializing Spring DispatcherServlet 'dispatcherServlet'
2023-05-01 14:38:20.448  INFO 4264 --- [http-nio-8080-exec-3] o.s.web.servlet.DispatcherServlet        : Initializing Servlet 'dispatcherServlet'
2023-05-01 14:38:20.454  INFO 4264 --- [http-nio-8080-exec-3] o.s.web.servlet.DispatcherServlet        : Completed initialization in 5 ms
2023-05-01 14:38:20.649  WARN 4264 --- [http-nio-8080-exec-3] o.a.c.util.SessionIdGeneratorBase        : Creation of SecureRandom instance for session ID generation using [SHA1PRNG] took [105] milliseconds.
2023-05-01 14:39:30.253  INFO 4264 --- [Thread-4] o.s.s.concurrent.ThreadPoolTaskExecutor  : Shutting down ExecutorService 'applicationTaskExecutor'
2023-05-01 14:39:30.267  INFO 4264 --- [Thread-4] j.LocalContainerEntityManagerFactoryBean : Closing JPA EntityManagerFactory for persistence unit 'default'
2023-05-01 14:39:30.276  INFO 4264 --- [Thread-4] com.zaxxer.hikari.HikariDataSource       : HikariPool-1 - Shutdown initiated...
2023-05-01 14:39:30.287  INFO 4264 --- [Thread-4] com.zaxxer.hikari.HikariDataSource       : HikariPool-1 - Shutdown completed.
2023-05-01 14:39:30.471  INFO 4264 --- [restartedMain] c.shopme.admin.ShopmeBackEndApplication  : Starting ShopmeBackEndApplication using Java 17.0.5 on DESKTOP-JRSDL0G with PID 4264 (C:\Users\shaha\OneDrive\Documents\shopme-miniproject\ShopmeWebParent\ShopmeBackEnd\target\classes started by shaha in C:\Users\shaha\OneDrive\Documents\shopme-miniproject\ShopmeWebParent\ShopmeBackEnd)
2023-05-01 14:39:30.472  INFO 4264 --- [restartedMain] c.shopme.admin.ShopmeBackEndApplication  : No active profile set, falling back to default profiles: default
2023-05-01 14:39:31.077  INFO 4264 --- [restartedMain] .s.d.r.c.RepositoryConfigurationDelegate : Bootstrapping Spring Data JPA repositories in DEFAULT mode.
2023-05-01 14:39:31.219  INFO 4264 --- [restartedMain] .s.d.r.c.RepositoryConfigurationDelegate : Finished Spring Data repository scanning in 142 ms. Found 15 JPA repository interfaces.
2023-05-01 14:39:31.541  INFO 4264 --- [restartedMain] o.s.b.w.embedded.tomcat.TomcatWebServer  : Tomcat initialized with port(s): 8080 (http)
2023-05-01 14:39:31.544  INFO 4264 --- [restartedMain] o.apache.catalina.core.StandardService   : Starting service [Tomcat]
2023-05-01 14:39:31.544  INFO 4264 --- [restartedMain] org.apache.catalina.core.StandardEngine  : Starting Servlet engine: [Apache Tomcat/9.0.41]
2023-05-01 14:39:31.601  INFO 4264 --- [restartedMain] o.a.c.c.C.[.[localhost].[/shopmeAdmin]   : Initializing Spring embedded WebApplicationContext
2023-05-01 14:39:31.601  INFO 4264 --- [restartedMain] w.s.c.ServletWebServerApplicationContext : Root WebApplicationContext: initialization completed in 1122 ms
2023-05-01 14:39:31.674  WARN 4264 --- [restartedMain] o.a.c.c.C.[.[localhost].[/shopmeAdmin]   : Cannot deserialize session attribute [SPRING_SECURITY_CONTEXT] for session [D3865B8AC0EA9FD109C82E806B7A57EF]
2023-05-01 14:39:31.791  INFO 4264 --- [restartedMain] o.hibernate.jpa.internal.util.LogHelper  : HHH000204: Processing PersistenceUnitInfo [name: default]
2023-05-01 14:39:31.812  INFO 4264 --- [restartedMain] com.zaxxer.hikari.HikariDataSource       : HikariPool-2 - Starting...
2023-05-01 14:39:31.847  INFO 4264 --- [restartedMain] com.zaxxer.hikari.HikariDataSource       : HikariPool-2 - Start completed.
2023-05-01 14:39:31.848  INFO 4264 --- [restartedMain] org.hibernate.dialect.Dialect            : HHH000400: Using dialect: org.hibernate.dialect.MySQL8Dialect
2023-05-01 14:39:33.335  INFO 4264 --- [restartedMain] o.h.e.t.j.p.i.JtaPlatformInitiator       : HHH000490: Using JtaPlatform implementation: [org.hibernate.engine.transaction.jta.platform.internal.NoJtaPlatform]
2023-05-01 14:39:33.336  INFO 4264 --- [restartedMain] j.LocalContainerEntityManagerFactoryBean : Initialized JPA EntityManagerFactory for persistence unit 'default'
2023-05-01 14:39:33.363  INFO 4264 --- [restartedMain] o.s.b.d.a.OptionalLiveReloadServer       : LiveReload server is running on port 35729
2023-05-01 14:39:33.720  WARN 4264 --- [restartedMain] JpaBaseConfiguration$JpaWebConfiguration : spring.jpa.open-in-view is enabled by default. Therefore, database queries may be performed during view rendering. Explicitly configure spring.jpa.open-in-view to disable this warning
2023-05-01 14:39:34.209  INFO 4264 --- [restartedMain] o.s.s.web.DefaultSecurityFilterChain     : Will secure Ant [pattern='/images/**'] with []
2023-05-01 14:39:34.209  INFO 4264 --- [restartedMain] o.s.s.web.DefaultSecurityFilterChain     : Will secure Ant [pattern='/js/**'] with []
2023-05-01 14:39:34.210  INFO 4264 --- [restartedMain] o.s.s.web.DefaultSecurityFilterChain     : Will secure Ant [pattern='/webjars/**'] with []
2023-05-01 14:39:34.210  INFO 4264 --- [restartedMain] o.s.s.web.DefaultSecurityFilterChain     : Will secure Ant [pattern='/assets/**'] with []
2023-05-01 14:39:34.236  INFO 4264 --- [restartedMain] o.s.s.web.DefaultSecurityFilterChain     : Will secure any request with [org.springframework.security.web.context.request.async.WebAsyncManagerIntegrationFilter@6d5547dc, org.springframework.security.web.context.SecurityContextPersistenceFilter@167096b6, org.springframework.security.web.header.HeaderWriterFilter@4b5157ee, org.springframework.security.web.csrf.CsrfFilter@45e0cd98, org.springframework.security.web.authentication.logout.LogoutFilter@c405039, org.springframework.security.web.authentication.UsernamePasswordAuthenticationFilter@1ea7e6c2, org.springframework.security.web.savedrequest.RequestCacheAwareFilter@4de560e, org.springframework.security.web.servletapi.SecurityContextHolderAwareRequestFilter@45f19f5c, org.springframework.security.web.authentication.rememberme.RememberMeAuthenticationFilter@6cda4447, org.springframework.security.web.authentication.AnonymousAuthenticationFilter@954a226, org.springframework.security.web.session.SessionManagementFilter@55bf0d94, org.springframework.security.web.access.ExceptionTranslationFilter@53482e98, org.springframework.security.web.access.intercept.FilterSecurityInterceptor@3bcbf5cd]
2023-05-01 14:39:34.341  INFO 4264 --- [restartedMain] o.s.s.concurrent.ThreadPoolTaskExecutor  : Initializing ExecutorService 'applicationTaskExecutor'
2023-05-01 14:39:34.408  INFO 4264 --- [restartedMain] o.s.b.a.w.s.WelcomePageHandlerMapping    : Adding welcome page template: index
2023-05-01 14:39:35.063  INFO 4264 --- [restartedMain] o.s.b.w.embedded.tomcat.TomcatWebServer  : Tomcat started on port(s): 8080 (http) with context path '/shopmeAdmin'
2023-05-01 14:39:35.074  INFO 4264 --- [restartedMain] c.shopme.admin.ShopmeBackEndApplication  : Started ShopmeBackEndApplication in 4.668 seconds (JVM running for 250.443)
2023-05-01 14:39:35.079  INFO 4264 --- [restartedMain] .ConditionEvaluationDeltaLoggingListener : Condition evaluation unchanged
2023-05-01 14:40:20.832  INFO 4264 --- [http-nio-8080-exec-1] o.a.c.c.C.[.[localhost].[/shopmeAdmin]   : Initializing Spring DispatcherServlet 'dispatcherServlet'
2023-05-01 14:40:20.832  INFO 4264 --- [http-nio-8080-exec-1] o.s.web.servlet.DispatcherServlet        : Initializing Servlet 'dispatcherServlet'
2023-05-01 14:40:20.841  INFO 4264 --- [http-nio-8080-exec-1] o.s.web.servlet.DispatcherServlet        : Completed initialization in 5 ms
2023-05-01 14:43:19.305  INFO 4264 --- [RMI TCP Connection(18)-127.0.0.1] inMXBeanRegistrar$SpringApplicationAdmin : Application shutdown requested.
2023-05-01 14:43:19.364  INFO 4264 --- [RMI TCP Connection(18)-127.0.0.1] o.s.s.concurrent.ThreadPoolTaskExecutor  : Shutting down ExecutorService 'applicationTaskExecutor'
2023-05-01 14:43:19.370  INFO 4264 --- [RMI TCP Connection(18)-127.0.0.1] j.LocalContainerEntityManagerFactoryBean : Closing JPA EntityManagerFactory for persistence unit 'default'
2023-05-01 14:43:19.372  INFO 4264 --- [RMI TCP Connection(18)-127.0.0.1] com.zaxxer.hikari.HikariDataSource       : HikariPool-2 - Shutdown initiated...
2023-05-01 14:43:19.377  INFO 4264 --- [RMI TCP Connection(18)-127.0.0.1] com.zaxxer.hikari.HikariDataSource       : HikariPool-2 - Shutdown completed.
2023-05-01 14:54:59.779  INFO 8252 --- [restartedMain] c.shopme.admin.ShopmeBackEndApplication  : Starting ShopmeBackEndApplication using Java 17.0.5 on DESKTOP-JRSDL0G with PID 8252 (C:\Users\shaha\OneDrive\Documents\shopme-miniproject\ShopmeWebParent\ShopmeBackEnd\target\classes started by shaha in C:\Users\shaha\OneDrive\Documents\shopme-miniproject\ShopmeWebParent\ShopmeBackEnd)
2023-05-01 14:54:59.782  INFO 8252 --- [restartedMain] c.shopme.admin.ShopmeBackEndApplication  : No active profile set, falling back to default profiles: default
2023-05-01 14:54:59.850  INFO 8252 --- [restartedMain] .e.DevToolsPropertyDefaultsPostProcessor : Devtools property defaults active! Set 'spring.devtools.add-properties' to 'false' to disable
2023-05-01 14:54:59.850  INFO 8252 --- [restartedMain] .e.DevToolsPropertyDefaultsPostProcessor : For additional web related logging consider setting the 'logging.level.web' property to 'DEBUG'
2023-05-01 14:55:01.348  INFO 8252 --- [restartedMain] .s.d.r.c.RepositoryConfigurationDelegate : Bootstrapping Spring Data JPA repositories in DEFAULT mode.
2023-05-01 14:55:01.471  INFO 8252 --- [restartedMain] .s.d.r.c.RepositoryConfigurationDelegate : Finished Spring Data repository scanning in 113 ms. Found 15 JPA repository interfaces.
2023-05-01 14:55:02.732  INFO 8252 --- [restartedMain] o.s.b.w.embedded.tomcat.TomcatWebServer  : Tomcat initialized with port(s): 8080 (http)
2023-05-01 14:55:02.752  INFO 8252 --- [restartedMain] o.apache.catalina.core.StandardService   : Starting service [Tomcat]
2023-05-01 14:55:02.753  INFO 8252 --- [restartedMain] org.apache.catalina.core.StandardEngine  : Starting Servlet engine: [Apache Tomcat/9.0.41]
2023-05-01 14:55:02.916  INFO 8252 --- [restartedMain] o.a.c.c.C.[.[localhost].[/shopmeAdmin]   : Initializing Spring embedded WebApplicationContext
2023-05-01 14:55:02.917  INFO 8252 --- [restartedMain] w.s.c.ServletWebServerApplicationContext : Root WebApplicationContext: initialization completed in 3066 ms
2023-05-01 14:55:03.056  WARN 8252 --- [restartedMain] o.a.c.c.C.[.[localhost].[/shopmeAdmin]   : Cannot deserialize session attribute [SPRING_SECURITY_CONTEXT] for session [1E6AB4E4D16F8E08D880AE88F32B7463]
2023-05-01 14:55:03.637  INFO 8252 --- [restartedMain] o.hibernate.jpa.internal.util.LogHelper  : HHH000204: Processing PersistenceUnitInfo [name: default]
2023-05-01 14:55:03.804  INFO 8252 --- [restartedMain] org.hibernate.Version                    : HHH000412: Hibernate ORM core version 5.4.25.Final
2023-05-01 14:55:04.273  INFO 8252 --- [restartedMain] o.hibernate.annotations.common.Version   : HCANN000001: Hibernate Commons Annotations {5.1.2.Final}
2023-05-01 14:55:04.643  INFO 8252 --- [restartedMain] com.zaxxer.hikari.HikariDataSource       : HikariPool-1 - Starting...
2023-05-01 14:55:05.601  INFO 8252 --- [restartedMain] com.zaxxer.hikari.HikariDataSource       : HikariPool-1 - Start completed.
2023-05-01 14:55:05.641  INFO 8252 --- [restartedMain] org.hibernate.dialect.Dialect            : HHH000400: Using dialect: org.hibernate.dialect.MySQL8Dialect
2023-05-01 14:55:09.072  INFO 8252 --- [restartedMain] o.h.e.t.j.p.i.JtaPlatformInitiator       : HHH000490: Using JtaPlatform implementation: [org.hibernate.engine.transaction.jta.platform.internal.NoJtaPlatform]
2023-05-01 14:55:09.091  INFO 8252 --- [restartedMain] j.LocalContainerEntityManagerFactoryBean : Initialized JPA EntityManagerFactory for persistence unit 'default'
2023-05-01 14:55:09.167  INFO 8252 --- [restartedMain] o.s.b.d.a.OptionalLiveReloadServer       : LiveReload server is running on port 35729
2023-05-01 14:55:10.301  WARN 8252 --- [restartedMain] JpaBaseConfiguration$JpaWebConfiguration : spring.jpa.open-in-view is enabled by default. Therefore, database queries may be performed during view rendering. Explicitly configure spring.jpa.open-in-view to disable this warning
2023-05-01 14:55:11.056  INFO 8252 --- [restartedMain] o.s.s.web.DefaultSecurityFilterChain     : Will secure Ant [pattern='/images/**'] with []
2023-05-01 14:55:11.056  INFO 8252 --- [restartedMain] o.s.s.web.DefaultSecurityFilterChain     : Will secure Ant [pattern='/js/**'] with []
2023-05-01 14:55:11.057  INFO 8252 --- [restartedMain] o.s.s.web.DefaultSecurityFilterChain     : Will secure Ant [pattern='/webjars/**'] with []
2023-05-01 14:55:11.057  INFO 8252 --- [restartedMain] o.s.s.web.DefaultSecurityFilterChain     : Will secure Ant [pattern='/assets/**'] with []
2023-05-01 14:55:11.127  INFO 8252 --- [restartedMain] o.s.s.web.DefaultSecurityFilterChain     : Will secure any request with [org.springframework.security.web.context.request.async.WebAsyncManagerIntegrationFilter@62cb3d69, org.springframework.security.web.context.SecurityContextPersistenceFilter@69d65e5b, org.springframework.security.web.header.HeaderWriterFilter@4adb66ad, org.springframework.security.web.csrf.CsrfFilter@26f77f1f, org.springframework.security.web.authentication.logout.LogoutFilter@28d11932, org.springframework.security.web.authentication.UsernamePasswordAuthenticationFilter@43cf90a9, org.springframework.security.web.savedrequest.RequestCacheAwareFilter@5560452a, org.springframework.security.web.servletapi.SecurityContextHolderAwareRequestFilter@45bd6b1d, org.springframework.security.web.authentication.rememberme.RememberMeAuthenticationFilter@14e547e9, org.springframework.security.web.authentication.AnonymousAuthenticationFilter@5dbea341, org.springframework.security.web.session.SessionManagementFilter@23392a36, org.springframework.security.web.access.ExceptionTranslationFilter@45a85f0e, org.springframework.security.web.access.intercept.FilterSecurityInterceptor@116f74e9]
2023-05-01 14:55:11.338  INFO 8252 --- [restartedMain] o.s.s.concurrent.ThreadPoolTaskExecutor  : Initializing ExecutorService 'applicationTaskExecutor'
2023-05-01 14:55:11.529  INFO 8252 --- [restartedMain] o.s.b.a.w.s.WelcomePageHandlerMapping    : Adding welcome page template: index
2023-05-01 14:55:12.714  INFO 8252 --- [restartedMain] o.s.b.w.embedded.tomcat.TomcatWebServer  : Tomcat started on port(s): 8080 (http) with context path '/shopmeAdmin'
2023-05-01 14:55:12.747  INFO 8252 --- [restartedMain] c.shopme.admin.ShopmeBackEndApplication  : Started ShopmeBackEndApplication in 13.411 seconds (JVM running for 14.507)
2023-05-01 14:55:26.596  INFO 8252 --- [http-nio-8080-exec-5] o.a.c.c.C.[.[localhost].[/shopmeAdmin]   : Initializing Spring DispatcherServlet 'dispatcherServlet'
2023-05-01 14:55:26.604  INFO 8252 --- [http-nio-8080-exec-5] o.s.web.servlet.DispatcherServlet        : Initializing Servlet 'dispatcherServlet'
2023-05-01 14:55:26.611  INFO 8252 --- [http-nio-8080-exec-5] o.s.web.servlet.DispatcherServlet        : Completed initialization in 7 ms
2023-05-01 16:22:44.460  WARN 8252 --- [HikariPool-1 housekeeper] com.zaxxer.hikari.pool.HikariPool        : HikariPool-1 - Thread starvation or clock leap detected (housekeeper delta=44m8s4ms95µs600ns).
2023-05-01 19:27:21.122  WARN 8252 --- [HikariPool-1 housekeeper] com.zaxxer.hikari.pool.HikariPool        : HikariPool-1 - Thread starvation or clock leap detected (housekeeper delta=2h34m35s938ms410µs900ns).
2023-05-01 21:53:43.382  WARN 8252 --- [HikariPool-1 housekeeper] com.zaxxer.hikari.pool.HikariPool        : HikariPool-1 - Thread starvation or clock leap detected (housekeeper delta=10m50s41ms634µs).
2023-05-01 21:58:18.431  WARN 8252 --- [HikariPool-1 housekeeper] com.zaxxer.hikari.pool.HikariPool        : HikariPool-1 - Thread starvation or clock leap detected (housekeeper delta=1m4s946ms353µs900ns).
2023-05-01 23:07:52.182  WARN 8252 --- [HikariPool-1 housekeeper] com.zaxxer.hikari.pool.HikariPool        : HikariPool-1 - Thread starvation or clock leap detected (housekeeper delta=15m24s107ms629µs900ns).
